<?xml version="1.0" encoding="UTF-8"?>
<!-- Generated by org.testng.reporters.JUnitReportReporter -->
<testsuite skipped="0" hostname="SEZT1FF266MANGO" name="samplePackage.firstScript" tests="1" failures="0" timestamp="05 Nov 2020 15:23:56 GMT" time="2.557" errors="0">
  <testcase name="verifyStatusCode" time="2.557" classname="samplePackage.firstScript"/>
</testsuite> <!-- samplePackage.firstScript -->
