<?xml version="1.0" encoding="UTF-8"?>
<!-- Generated by org.testng.reporters.JUnitReportReporter -->
<testsuite skipped="0" hostname="SEZT1FF266MANGO" name="samplePostRequest" tests="1" failures="0" timestamp="03 Nov 2020 14:30:03 GMT" time="3.737" errors="0">
  <testcase name="verifyPostRequest" time="3.737" classname="samplePostRequest"/>
</testsuite> <!-- samplePostRequest -->
