<?xml version="1.0" encoding="UTF-8"?>
<!-- Generated by org.testng.reporters.JUnitReportReporter -->
<testsuite skipped="0" hostname="SEZT1FF266MANGO" name="samplePackage.samplePostRequest" tests="1" failures="0" timestamp="05 Nov 2020 15:23:56 GMT" time="2.884" errors="0">
  <testcase name="verifyPostRequest" time="2.884" classname="samplePackage.samplePostRequest"/>
</testsuite> <!-- samplePackage.samplePostRequest -->
