<?xml version="1.0" encoding="UTF-8"?>
<!-- Generated by org.testng.reporters.JUnitReportReporter -->
<testsuite skipped="0" hostname="SEZT1FF266MANGO" name="firstScript" tests="1" failures="0" timestamp="03 Nov 2020 08:09:48 GMT" time="4.025" errors="0">
  <testcase name="verifyStatusCode" time="4.025" classname="firstScript"/>
</testsuite> <!-- firstScript -->
